# JRE version: OpenJDK Runtime Environment (8.0_242-b01) (build 1.8.0_242-release-1644-b01)
# Java VM: OpenJDK 64-Bit Server VM (25.242-b01 mixed mode windows-amd64 compressed oops)
Heap:
 PSYoungGen      total 504320K, used 488928K [0x00000000e0000000, 0x00000000fff80000, 0x0000000100000000)
  eden space 486912K, 100% used [0x00000000e0000000,0x00000000fdb80000,0x00000000fdb80000)
  from space 17408K, 11% used [0x00000000fdb80000,0x00000000fdd78000,0x00000000fec80000)
  to   space 16384K, 14% used [0x00000000fef80000,0x00000000ff1c8000,0x00000000fff80000)
 ParOldGen       total 748032K, used 583429K [0x00000000a0000000, 0x00000000cda80000, 0x00000000e0000000)
  object space 748032K, 77% used [0x00000000a0000000,0x00000000c39c1418,0x00000000cda80000)
 Metaspace       used 205503K, capacity 217134K, committed 219224K, reserved 1241088K
  class space    used 25567K, capacity 27685K, committed 28288K, reserved 1048576K
GC Heap History (10 events):
Event: 2715.766 GC heap before
{Heap before GC invocations=270 (full 12):
 PSYoungGen      total 499200K, used 479200K [0x00000000e0000000, 0x00000000fff80000, 0x0000000100000000)
  eden space 476672K, 100% used [0x00000000e0000000,0x00000000fd180000,0x00000000fd180000)
  from space 22528K, 11% used [0x00000000fd180000,0x00000000fd3f8000,0x00000000fe780000)
  to   space 21504K, 0% used [0x00000000fea80000,0x00000000fea80000,0x00000000fff80000)
 ParOldGen       total 748032K, used 582933K [0x00000000a0000000, 0x00000000cda80000, 0x00000000e0000000)
  object space 748032K, 77% used [0x00000000a0000000,0x00000000c3945728,0x00000000cda80000)
 Metaspace       used 205496K, capacity 217070K, committed 219224K, reserved 1241088K
  class space    used 25567K, capacity 27685K, committed 28288K, reserved 1048576K
Event: 2715.774 GC heap after
Heap after GC invocations=270 (full 12):
 PSYoungGen      total 499200K, used 2480K [0x00000000e0000000, 0x00000000ffd00000, 0x0000000100000000)
  eden space 480256K, 0% used [0x00000000e0000000,0x00000000e0000000,0x00000000fd500000)
  from space 18944K, 13% used [0x00000000fea80000,0x00000000fecec010,0x00000000ffd00000)
  to   space 20480K, 0% used [0x00000000fd500000,0x00000000fd500000,0x00000000fe900000)
 ParOldGen       total 748032K, used 582933K [0x00000000a0000000, 0x00000000cda80000, 0x00000000e0000000)
  object space 748032K, 77% used [0x00000000a0000000,0x00000000c3945728,0x00000000cda80000)
 Metaspace       used 205496K, capacity 217070K, committed 219224K, reserved 1241088K
  class space    used 25567K, capacity 27685K, committed 28288K, reserved 1048576K
}
Event: 2716.272 GC heap before
{Heap before GC invocations=271 (full 12):
 PSYoungGen      total 499200K, used 482736K [0x00000000e0000000, 0x00000000ffd00000, 0x0000000100000000)
  eden space 480256K, 100% used [0x00000000e0000000,0x00000000fd500000,0x00000000fd500000)
  from space 18944K, 13% used [0x00000000fea80000,0x00000000fecec010,0x00000000ffd00000)
  to   space 20480K, 0% used [0x00000000fd500000,0x00000000fd500000,0x00000000fe900000)
 ParOldGen       total 748032K, used 582933K [0x00000000a0000000, 0x00000000cda80000, 0x00000000e0000000)
  object space 748032K, 77% used [0x00000000a0000000,0x00000000c3945728,0x00000000cda80000)
 Metaspace       used 205496K, capacity 217070K, committed 219224K, reserved 1241088K
  class space    used 25567K, capacity 27685K, committed 28288K, reserved 1048576K
Event: 2716.281 GC heap after
Heap after GC invocations=271 (full 12):
 PSYoungGen      total 500736K, used 1728K [0x00000000e0000000, 0x0000000100000000, 0x0000000100000000)
  eden space 480256K, 0% used [0x00000000e0000000,0x00000000e0000000,0x00000000fd500000)
  from space 20480K, 8% used [0x00000000fd500000,0x00000000fd6b0000,0x00000000fe900000)
  to   space 19968K, 0% used [0x00000000fec80000,0x00000000fec80000,0x0000000100000000)
 ParOldGen       total 748032K, used 583229K [0x00000000a0000000, 0x00000000cda80000, 0x00000000e0000000)
  object space 748032K, 77% used [0x00000000a0000000,0x00000000c398f418,0x00000000cda80000)
 Metaspace       used 205496K, capacity 217070K, committed 219224K, reserved 1241088K
  class space    used 25567K, capacity 27685K, committed 28288K, reserved 1048576K
}
Event: 2716.481 GC heap before
{Heap before GC invocations=272 (full 12):
 PSYoungGen      total 500736K, used 481984K [0x00000000e0000000, 0x0000000100000000, 0x0000000100000000)
  eden space 480256K, 100% used [0x00000000e0000000,0x00000000fd500000,0x00000000fd500000)
  from space 20480K, 8% used [0x00000000fd500000,0x00000000fd6b0000,0x00000000fe900000)
  to   space 19968K, 0% used [0x00000000fec80000,0x00000000fec80000,0x0000000100000000)
 ParOldGen       total 748032K, used 583229K [0x00000000a0000000, 0x00000000cda80000, 0x00000000e0000000)
  object space 748032K, 77% used [0x00000000a0000000,0x00000000c398f418,0x00000000cda80000)
 Metaspace       used 205496K, capacity 217070K, committed 219224K, reserved 1241088K
  class space    used 25567K, capacity 27685K, committed 28288K, reserved 1048576K
Event: 2716.491 GC heap after
Heap after GC invocations=272 (full 12):
 PSYoungGen      total 501248K, used 960K [0x00000000e0000000, 0x00000000ffd80000, 0x0000000100000000)
  eden space 483840K, 0% used [0x00000000e0000000,0x00000000e0000000,0x00000000fd880000)
  from space 17408K, 5% used [0x00000000fec80000,0x00000000fed70000,0x00000000ffd80000)
  to   space 18944K, 0% used [0x00000000fd880000,0x00000000fd880000,0x00000000feb00000)
 ParOldGen       total 748032K, used 583245K [0x00000000a0000000, 0x00000000cda80000, 0x00000000e0000000)
  object space 748032K, 77% used [0x00000000a0000000,0x00000000c3993418,0x00000000cda80000)
 Metaspace       used 205496K, capacity 217070K, committed 219224K, reserved 1241088K
  class space    used 25567K, capacity 27685K, committed 28288K, reserved 1048576K
}
Event: 2717.408 GC heap before
{Heap before GC invocations=273 (full 12):
 PSYoungGen      total 501248K, used 484800K [0x00000000e0000000, 0x00000000ffd80000, 0x0000000100000000)
  eden space 483840K, 100% used [0x00000000e0000000,0x00000000fd880000,0x00000000fd880000)
  from space 17408K, 5% used [0x00000000fec80000,0x00000000fed70000,0x00000000ffd80000)
  to   space 18944K, 0% used [0x00000000fd880000,0x00000000fd880000,0x00000000feb00000)
 ParOldGen       total 748032K, used 583245K [0x00000000a0000000, 0x00000000cda80000, 0x00000000e0000000)
  object space 748032K, 77% used [0x00000000a0000000,0x00000000c3993418,0x00000000cda80000)
 Metaspace       used 205502K, capacity 217134K, committed 219224K, reserved 1241088K
  class space    used 25567K, capacity 27685K, committed 28288K, reserved 1048576K
Event: 2717.421 GC heap after
Heap after GC invocations=273 (full 12):
 PSYoungGen      total 502784K, used 1056K [0x00000000e0000000, 0x0000000100000000, 0x0000000100000000)
  eden space 483840K, 0% used [0x00000000e0000000,0x00000000e0000000,0x00000000fd880000)
  from space 18944K, 5% used [0x00000000fd880000,0x00000000fd988000,0x00000000feb00000)
  to   space 18432K, 0% used [0x00000000fee00000,0x00000000fee00000,0x0000000100000000)
 ParOldGen       total 748032K, used 583277K [0x00000000a0000000, 0x00000000cda80000, 0x00000000e0000000)
  object space 748032K, 77% used [0x00000000a0000000,0x00000000c399b418,0x00000000cda80000)
 Metaspace       used 205502K, capacity 217134K, committed 219224K, reserved 1241088K
  class space    used 25567K, capacity 27685K, committed 28288K, reserved 1048576K
}
Event: 2717.798 GC heap before
{Heap before GC invocations=274 (full 12):
 PSYoungGen      total 502784K, used 484896K [0x00000000e0000000, 0x0000000100000000, 0x0000000100000000)
  eden space 483840K, 100% used [0x00000000e0000000,0x00000000fd880000,0x00000000fd880000)
  from space 18944K, 5% used [0x00000000fd880000,0x00000000fd988000,0x00000000feb00000)
  to   space 18432K, 0% used [0x00000000fee00000,0x00000000fee00000,0x0000000100000000)
 ParOldGen       total 748032K, used 583277K [0x00000000a0000000, 0x00000000cda80000, 0x00000000e0000000)
  object space 748032K, 77% used [0x00000000a0000000,0x00000000c399b418,0x00000000cda80000)
 Metaspace       used 205502K, capacity 217134K, committed 219224K, reserved 1241088K
  class space    used 25567K, capacity 27685K, committed 28288K, reserved 1048576K
Event: 2717.808 GC heap after
Heap after GC invocations=274 (full 12):
 PSYoungGen      total 502784K, used 1568K [0x00000000e0000000, 0x00000000ffd80000, 0x0000000100000000)
  eden space 486912K, 0% used [0x00000000e0000000,0x00000000e0000000,0x00000000fdb80000)
  from space 15872K, 9% used [0x00000000fee00000,0x00000000fef88000,0x00000000ffd80000)
  to   space 17408K, 0% used [0x00000000fdb80000,0x00000000fdb80000,0x00000000fec80000)
 ParOldGen       total 748032K, used 583325K [0x00000000a0000000, 0x00000000cda80000, 0x00000000e0000000)
  object space 748032K, 77% used [0x00000000a0000000,0x00000000c39a7418,0x00000000cda80000)
 Metaspace       used 205502K, capacity 217134K, committed 219224K, reserved 1241088K
  class space    used 25567K, capacity 27685K, committed 28288K, reserved 1048576K
}

